TimeQuest Timing Analyzer report for circuito
Thu Sep 25 20:37:31 2014
Quartus II 64-Bit Version 13.0.0 Build 156 04/24/2013 SJ Web Edition


---------------------
; Table of Contents ;
---------------------
  1. Legal Notice
  2. TimeQuest Timing Analyzer Summary
  3. Parallel Compilation
  4. Clocks
  5. Slow Model Fmax Summary
  6. Slow Model Setup Summary
  7. Slow Model Hold Summary
  8. Slow Model Recovery Summary
  9. Slow Model Removal Summary
 10. Slow Model Minimum Pulse Width Summary
 11. Propagation Delay
 12. Minimum Propagation Delay
 13. Fast Model Setup Summary
 14. Fast Model Hold Summary
 15. Fast Model Recovery Summary
 16. Fast Model Removal Summary
 17. Fast Model Minimum Pulse Width Summary
 18. Propagation Delay
 19. Minimum Propagation Delay
 20. Multicorner Timing Analysis Summary
 21. Progagation Delay
 22. Minimum Progagation Delay
 23. Clock Transfers
 24. Report TCCS
 25. Report RSKM
 26. Unconstrained Paths
 27. TimeQuest Timing Analyzer Messages



----------------
; Legal Notice ;
----------------
Copyright (C) 1991-2013 Altera Corporation
Your use of Altera Corporation's design tools, logic functions 
and other software and tools, and its AMPP partner logic 
functions, and any output files from any of the foregoing 
(including device programming or simulation files), and any 
associated documentation or information are expressly subject 
to the terms and conditions of the Altera Program License 
Subscription Agreement, Altera MegaCore Function License 
Agreement, or other applicable license agreement, including, 
without limitation, that your use is for the sole purpose of 
programming logic devices manufactured by Altera and sold by 
Altera or its authorized distributors.  Please refer to the 
applicable agreement for further details.



+-------------------------------------------------------------------------+
; TimeQuest Timing Analyzer Summary                                       ;
+--------------------+----------------------------------------------------+
; Quartus II Version ; Version 13.0.0 Build 156 04/24/2013 SJ Web Edition ;
; Revision Name      ; circuito                                           ;
; Device Family      ; Cyclone II                                         ;
; Device Name        ; EP2C5T144C6                                        ;
; Timing Models      ; Final                                              ;
; Delay Model        ; Combined                                           ;
; Rise/Fall Delays   ; Unavailable                                        ;
+--------------------+----------------------------------------------------+


Parallel compilation was disabled, but you have multiple processors available. Enable parallel compilation to reduce compilation time.
+-------------------------------------+
; Parallel Compilation                ;
+----------------------------+--------+
; Processors                 ; Number ;
+----------------------------+--------+
; Number detected on machine ; 2      ;
; Maximum allowed            ; 1      ;
+----------------------------+--------+


----------
; Clocks ;
----------
No clocks to report.


---------------------------
; Slow Model Fmax Summary ;
---------------------------
No paths to report.


----------------------------
; Slow Model Setup Summary ;
----------------------------
No paths to report.


---------------------------
; Slow Model Hold Summary ;
---------------------------
No paths to report.


-------------------------------
; Slow Model Recovery Summary ;
-------------------------------
No paths to report.


------------------------------
; Slow Model Removal Summary ;
------------------------------
No paths to report.


------------------------------------------
; Slow Model Minimum Pulse Width Summary ;
------------------------------------------
No paths to report.


+--------------------------------------------------------------+
; Propagation Delay                                            ;
+------------+-------------+--------+--------+--------+--------+
; Input Port ; Output Port ; RR     ; RF     ; FR     ; FF     ;
+------------+-------------+--------+--------+--------+--------+
; a[0]       ; cout        ; 11.518 ;        ;        ; 11.518 ;
; a[0]       ; t1          ; 13.292 ; 13.292 ; 13.292 ; 13.292 ;
; a[0]       ; t2          ; 14.053 ; 14.053 ; 14.053 ; 14.053 ;
; a[0]       ; t3          ; 14.498 ; 14.498 ; 14.498 ; 14.498 ;
; a[1]       ; cout        ; 11.098 ;        ;        ; 11.098 ;
; a[1]       ; t1          ; 12.872 ; 12.872 ; 12.872 ; 12.872 ;
; a[1]       ; t2          ; 13.633 ; 13.633 ; 13.633 ; 13.633 ;
; a[1]       ; t3          ; 14.078 ; 14.078 ; 14.078 ; 14.078 ;
; a[2]       ; cout        ; 10.913 ;        ;        ; 10.913 ;
; a[2]       ; t1          ; 12.687 ; 12.687 ; 12.687 ; 12.687 ;
; a[2]       ; t2          ; 13.448 ; 13.448 ; 13.448 ; 13.448 ;
; a[2]       ; t3          ; 13.893 ; 13.893 ; 13.893 ; 13.893 ;
; a[3]       ; cout        ; 11.245 ;        ;        ; 11.245 ;
; a[3]       ; t1          ; 13.011 ; 13.011 ; 13.011 ; 13.011 ;
; a[3]       ; t2          ; 13.780 ; 13.780 ; 13.780 ; 13.780 ;
; a[3]       ; t3          ; 14.225 ; 14.225 ; 14.225 ; 14.225 ;
; a[4]       ; cout        ; 10.899 ;        ;        ; 10.899 ;
; a[4]       ; t1          ; 12.665 ; 12.665 ; 12.665 ; 12.665 ;
; a[4]       ; t2          ; 13.434 ; 13.434 ; 13.434 ; 13.434 ;
; a[4]       ; t3          ; 13.879 ; 13.879 ; 13.879 ; 13.879 ;
; a[5]       ; cout        ; 11.234 ;        ;        ; 11.234 ;
; a[5]       ; t1          ; 12.991 ; 12.991 ; 12.991 ; 12.991 ;
; a[5]       ; t2          ; 13.769 ; 13.769 ; 13.769 ; 13.769 ;
; a[5]       ; t3          ; 14.214 ; 14.214 ; 14.214 ; 14.214 ;
; a[6]       ; cout        ; 10.888 ;        ;        ; 10.888 ;
; a[6]       ; t1          ; 12.645 ; 12.645 ; 12.645 ; 12.645 ;
; a[6]       ; t2          ; 13.423 ; 13.423 ; 13.423 ; 13.423 ;
; a[6]       ; t3          ; 13.868 ; 13.868 ; 13.868 ; 13.868 ;
; a[7]       ; cout        ; 10.525 ;        ;        ; 10.525 ;
; a[7]       ; t1          ; 12.282 ; 12.282 ; 12.282 ; 12.282 ;
; a[7]       ; t2          ; 13.052 ; 13.052 ; 13.052 ; 13.052 ;
; a[7]       ; t3          ; 13.497 ; 13.497 ; 13.497 ; 13.497 ;
; a[8]       ; cout        ; 10.405 ;        ;        ; 10.405 ;
; a[8]       ; t1          ; 12.162 ; 12.162 ; 12.162 ; 12.162 ;
; a[8]       ; t2          ; 12.898 ; 12.898 ; 12.898 ; 12.898 ;
; a[8]       ; t3          ; 13.343 ; 13.343 ; 13.343 ; 13.343 ;
; a[9]       ; cout        ; 10.010 ;        ;        ; 10.010 ;
; a[9]       ; t1          ; 11.452 ; 11.452 ; 11.452 ; 11.452 ;
; a[9]       ; t2          ; 12.188 ; 12.188 ; 12.188 ; 12.188 ;
; a[9]       ; t3          ; 12.633 ; 12.633 ; 12.633 ; 12.633 ;
; a[10]      ; cout        ; 9.905  ;        ;        ; 9.905  ;
; a[10]      ; t1          ; 11.015 ; 11.015 ; 11.015 ; 11.015 ;
; a[10]      ; t2          ; 11.747 ; 11.747 ; 11.747 ; 11.747 ;
; a[10]      ; t3          ; 12.191 ; 12.191 ; 12.191 ; 12.191 ;
; b[0]       ; cout        ; 11.488 ;        ;        ; 11.488 ;
; b[0]       ; t1          ; 13.262 ; 13.262 ; 13.262 ; 13.262 ;
; b[0]       ; t2          ; 14.023 ; 14.023 ; 14.023 ; 14.023 ;
; b[0]       ; t3          ; 14.468 ; 14.468 ; 14.468 ; 14.468 ;
; b[1]       ; cout        ; 11.935 ;        ;        ; 11.935 ;
; b[1]       ; t1          ; 13.709 ; 13.709 ; 13.709 ; 13.709 ;
; b[1]       ; t2          ; 14.470 ; 14.470 ; 14.470 ; 14.470 ;
; b[1]       ; t3          ; 14.915 ; 14.915 ; 14.915 ; 14.915 ;
; b[2]       ; cout        ; 10.569 ;        ;        ; 10.569 ;
; b[2]       ; t1          ; 12.343 ; 12.343 ; 12.343 ; 12.343 ;
; b[2]       ; t2          ; 13.104 ; 13.104 ; 13.104 ; 13.104 ;
; b[2]       ; t3          ; 13.549 ; 13.549 ; 13.549 ; 13.549 ;
; b[3]       ; cout        ; 11.417 ;        ;        ; 11.417 ;
; b[3]       ; t1          ; 13.183 ; 13.183 ; 13.183 ; 13.183 ;
; b[3]       ; t2          ; 13.952 ; 13.952 ; 13.952 ; 13.952 ;
; b[3]       ; t3          ; 14.397 ; 14.397 ; 14.397 ; 14.397 ;
; b[4]       ; cout        ; 10.544 ;        ;        ; 10.544 ;
; b[4]       ; t1          ; 12.310 ; 12.310 ; 12.310 ; 12.310 ;
; b[4]       ; t2          ; 13.079 ; 13.079 ; 13.079 ; 13.079 ;
; b[4]       ; t3          ; 13.524 ; 13.524 ; 13.524 ; 13.524 ;
; b[5]       ; cout        ; 11.018 ;        ;        ; 11.018 ;
; b[5]       ; t1          ; 12.775 ; 12.775 ; 12.775 ; 12.775 ;
; b[5]       ; t2          ; 13.553 ; 13.553 ; 13.553 ; 13.553 ;
; b[5]       ; t3          ; 13.998 ; 13.998 ; 13.998 ; 13.998 ;
; b[6]       ; cout        ; 11.409 ;        ;        ; 11.409 ;
; b[6]       ; t1          ; 13.166 ; 13.166 ; 13.166 ; 13.166 ;
; b[6]       ; t2          ; 13.944 ; 13.944 ; 13.944 ; 13.944 ;
; b[6]       ; t3          ; 14.389 ; 14.389 ; 14.389 ; 14.389 ;
; b[7]       ; cout        ; 11.392 ;        ;        ; 11.392 ;
; b[7]       ; t1          ; 13.149 ; 13.149 ; 13.149 ; 13.149 ;
; b[7]       ; t2          ; 13.919 ; 13.919 ; 13.919 ; 13.919 ;
; b[7]       ; t3          ; 14.364 ; 14.364 ; 14.364 ; 14.364 ;
; b[8]       ; cout        ; 11.350 ;        ;        ; 11.350 ;
; b[8]       ; t1          ; 13.107 ; 13.107 ; 13.107 ; 13.107 ;
; b[8]       ; t2          ; 13.843 ; 13.843 ; 13.843 ; 13.843 ;
; b[8]       ; t3          ; 14.288 ; 14.288 ; 14.288 ; 14.288 ;
; b[9]       ; cout        ; 10.497 ;        ;        ; 10.497 ;
; b[9]       ; t1          ; 11.942 ; 11.942 ; 11.942 ; 11.942 ;
; b[9]       ; t2          ; 12.678 ; 12.678 ; 12.678 ; 12.678 ;
; b[9]       ; t3          ; 13.123 ; 13.123 ; 13.123 ; 13.123 ;
; b[10]      ; cout        ; 10.635 ;        ;        ; 10.635 ;
; b[10]      ; t1          ; 11.746 ; 11.746 ; 11.746 ; 11.746 ;
; b[10]      ; t2          ; 12.478 ; 12.478 ; 12.478 ; 12.478 ;
; b[10]      ; t3          ; 12.922 ; 12.922 ; 12.922 ; 12.922 ;
; cin        ; cout        ; 11.652 ;        ;        ; 11.652 ;
; cin        ; t1          ; 13.426 ; 13.426 ; 13.426 ; 13.426 ;
; cin        ; t2          ; 14.187 ; 14.187 ; 14.187 ; 14.187 ;
; cin        ; t3          ; 14.632 ; 14.632 ; 14.632 ; 14.632 ;
; x2[0]      ; t1          ;        ; 7.193  ; 7.193  ;        ;
; x2[0]      ; t2          ; 7.925  ;        ;        ; 7.925  ;
; x2[0]      ; t3          ; 8.369  ; 8.247  ; 8.247  ; 8.369  ;
; x2[1]      ; t1          ;        ; 6.881  ; 6.881  ;        ;
; x2[1]      ; t2          ; 7.721  ;        ;        ; 7.721  ;
; x2[1]      ; t3          ; 8.057  ; 8.166  ; 8.166  ; 8.057  ;
; x2[2]      ; t1          ;        ; 6.854  ; 6.854  ;        ;
; x2[2]      ; t2          ; 7.651  ;        ;        ; 7.651  ;
; x2[2]      ; t3          ; 8.030  ; 8.096  ; 8.096  ; 8.030  ;
; x2[3]      ; t1          ;        ; 6.775  ; 6.775  ;        ;
; x2[3]      ; t2          ; 7.507  ;        ;        ; 7.507  ;
; x2[3]      ; t3          ; 7.951  ; 7.941  ; 7.941  ; 7.951  ;
; x2[4]      ; t1          ;        ; 10.489 ; 10.489 ;        ;
; x2[4]      ; t2          ; 11.221 ;        ;        ; 11.221 ;
; x2[4]      ; t3          ; 11.665 ; 11.646 ; 11.646 ; 11.665 ;
; x2[5]      ; t1          ;        ; 10.419 ; 10.419 ;        ;
; x2[5]      ; t2          ; 11.151 ;        ;        ; 11.151 ;
; x2[5]      ; t3          ; 11.595 ; 11.577 ; 11.577 ; 11.595 ;
; x2[6]      ; t1          ;        ; 10.493 ; 10.493 ;        ;
; x2[6]      ; t2          ; 11.238 ;        ;        ; 11.238 ;
; x2[6]      ; t3          ; 11.669 ; 11.683 ; 11.683 ; 11.669 ;
; x2[7]      ; t1          ;        ; 10.605 ; 10.605 ;        ;
; x2[7]      ; t2          ; 11.399 ;        ;        ; 11.399 ;
; x2[7]      ; t3          ; 11.781 ; 11.844 ; 11.844 ; 11.781 ;
; x2[8]      ; t1          ;        ; 10.286 ; 10.286 ;        ;
; x2[8]      ; t2          ; 11.052 ;        ;        ; 11.052 ;
; x2[8]      ; t3          ; 11.462 ; 11.497 ; 11.497 ; 11.462 ;
; x2[9]      ; t1          ;        ; 10.670 ; 10.670 ;        ;
; x2[9]      ; t2          ; 11.490 ;        ;        ; 11.490 ;
; x2[9]      ; t3          ; 11.846 ; 11.935 ; 11.935 ; 11.846 ;
; x2[10]     ; t1          ;        ; 9.246  ; 9.246  ;        ;
; x2[10]     ; t2          ; 10.048 ;        ;        ; 10.048 ;
; x2[10]     ; t3          ; 10.422 ; 10.493 ; 10.493 ; 10.422 ;
+------------+-------------+--------+--------+--------+--------+


+--------------------------------------------------------------+
; Minimum Propagation Delay                                    ;
+------------+-------------+--------+--------+--------+--------+
; Input Port ; Output Port ; RR     ; RF     ; FR     ; FF     ;
+------------+-------------+--------+--------+--------+--------+
; a[0]       ; cout        ; 11.518 ;        ;        ; 11.518 ;
; a[0]       ; t1          ; 12.920 ; 12.920 ; 12.920 ; 12.920 ;
; a[0]       ; t2          ; 13.652 ; 13.652 ; 13.652 ; 13.652 ;
; a[0]       ; t3          ; 14.096 ; 14.096 ; 14.096 ; 14.096 ;
; a[1]       ; cout        ; 11.098 ;        ;        ; 11.098 ;
; a[1]       ; t1          ; 12.524 ; 12.524 ; 12.524 ; 12.524 ;
; a[1]       ; t2          ; 13.245 ; 13.245 ; 13.245 ; 13.245 ;
; a[1]       ; t3          ; 13.690 ; 13.690 ; 13.690 ; 13.690 ;
; a[2]       ; cout        ; 10.913 ;        ;        ; 10.913 ;
; a[2]       ; t1          ; 12.294 ; 12.294 ; 12.294 ; 12.294 ;
; a[2]       ; t2          ; 13.026 ; 13.026 ; 13.026 ; 13.026 ;
; a[2]       ; t3          ; 13.470 ; 13.470 ; 13.470 ; 13.470 ;
; a[3]       ; cout        ; 11.245 ;        ;        ; 11.245 ;
; a[3]       ; t1          ; 12.671 ; 12.671 ; 12.671 ; 12.671 ;
; a[3]       ; t2          ; 13.392 ; 13.392 ; 13.392 ; 13.392 ;
; a[3]       ; t3          ; 13.837 ; 13.837 ; 13.837 ; 13.837 ;
; a[4]       ; cout        ; 10.899 ;        ;        ; 10.899 ;
; a[4]       ; t1          ; 12.317 ; 12.317 ; 12.317 ; 12.317 ;
; a[4]       ; t2          ; 13.027 ; 13.027 ; 13.027 ; 13.027 ;
; a[4]       ; t3          ; 13.472 ; 13.472 ; 13.472 ; 13.472 ;
; a[5]       ; cout        ; 11.234 ;        ;        ; 11.234 ;
; a[5]       ; t1          ; 12.660 ; 12.660 ; 12.660 ; 12.660 ;
; a[5]       ; t2          ; 13.347 ; 13.347 ; 13.347 ; 13.347 ;
; a[5]       ; t3          ; 13.792 ; 13.792 ; 13.792 ; 13.792 ;
; a[6]       ; cout        ; 10.888 ;        ;        ; 10.888 ;
; a[6]       ; t1          ; 12.292 ; 12.292 ; 12.292 ; 12.292 ;
; a[6]       ; t2          ; 12.993 ; 12.993 ; 12.993 ; 12.993 ;
; a[6]       ; t3          ; 13.438 ; 13.438 ; 13.438 ; 13.438 ;
; a[7]       ; cout        ; 10.525 ;        ;        ; 10.525 ;
; a[7]       ; t1          ; 11.951 ; 11.951 ; 11.951 ; 11.951 ;
; a[7]       ; t2          ; 12.672 ; 12.672 ; 12.672 ; 12.672 ;
; a[7]       ; t3          ; 13.117 ; 13.117 ; 13.117 ; 13.117 ;
; a[8]       ; cout        ; 10.405 ;        ;        ; 10.405 ;
; a[8]       ; t1          ; 11.773 ; 11.773 ; 11.773 ; 11.773 ;
; a[8]       ; t2          ; 12.505 ; 12.505 ; 12.505 ; 12.505 ;
; a[8]       ; t3          ; 12.949 ; 12.949 ; 12.949 ; 12.949 ;
; a[9]       ; cout        ; 10.010 ;        ;        ; 10.010 ;
; a[9]       ; t1          ; 11.436 ; 11.436 ; 11.436 ; 11.436 ;
; a[9]       ; t2          ; 12.157 ; 12.157 ; 12.157 ; 12.157 ;
; a[9]       ; t3          ; 12.602 ; 12.602 ; 12.602 ; 12.602 ;
; a[10]      ; cout        ; 9.905  ;        ;        ; 9.905  ;
; a[10]      ; t1          ; 11.015 ; 11.015 ; 11.015 ; 11.015 ;
; a[10]      ; t2          ; 11.736 ; 11.736 ; 11.736 ; 11.736 ;
; a[10]      ; t3          ; 12.181 ; 12.181 ; 12.181 ; 12.181 ;
; b[0]       ; cout        ; 11.488 ;        ;        ; 11.488 ;
; b[0]       ; t1          ; 12.889 ; 12.889 ; 12.889 ; 12.889 ;
; b[0]       ; t2          ; 13.621 ; 13.621 ; 13.621 ; 13.621 ;
; b[0]       ; t3          ; 14.065 ; 14.065 ; 14.065 ; 14.065 ;
; b[1]       ; cout        ; 11.935 ;        ;        ; 11.935 ;
; b[1]       ; t1          ; 13.361 ; 13.361 ; 13.361 ; 13.361 ;
; b[1]       ; t2          ; 14.082 ; 14.082 ; 14.082 ; 14.082 ;
; b[1]       ; t3          ; 14.527 ; 14.527 ; 14.527 ; 14.527 ;
; b[2]       ; cout        ; 10.569 ;        ;        ; 10.569 ;
; b[2]       ; t1          ; 11.949 ; 11.949 ; 11.949 ; 11.949 ;
; b[2]       ; t2          ; 12.681 ; 12.681 ; 12.681 ; 12.681 ;
; b[2]       ; t3          ; 13.125 ; 13.125 ; 13.125 ; 13.125 ;
; b[3]       ; cout        ; 11.417 ;        ;        ; 11.417 ;
; b[3]       ; t1          ; 12.843 ; 12.843 ; 12.843 ; 12.843 ;
; b[3]       ; t2          ; 13.564 ; 13.564 ; 13.564 ; 13.564 ;
; b[3]       ; t3          ; 14.009 ; 14.009 ; 14.009 ; 14.009 ;
; b[4]       ; cout        ; 10.544 ;        ;        ; 10.544 ;
; b[4]       ; t1          ; 11.961 ; 11.961 ; 11.961 ; 11.961 ;
; b[4]       ; t2          ; 12.671 ; 12.671 ; 12.671 ; 12.671 ;
; b[4]       ; t3          ; 13.116 ; 13.116 ; 13.116 ; 13.116 ;
; b[5]       ; cout        ; 11.018 ;        ;        ; 11.018 ;
; b[5]       ; t1          ; 12.444 ; 12.444 ; 12.444 ; 12.444 ;
; b[5]       ; t2          ; 13.134 ; 13.134 ; 13.134 ; 13.134 ;
; b[5]       ; t3          ; 13.579 ; 13.579 ; 13.579 ; 13.579 ;
; b[6]       ; cout        ; 11.409 ;        ;        ; 11.409 ;
; b[6]       ; t1          ; 12.816 ; 12.816 ; 12.816 ; 12.816 ;
; b[6]       ; t2          ; 13.517 ; 13.517 ; 13.517 ; 13.517 ;
; b[6]       ; t3          ; 13.962 ; 13.962 ; 13.962 ; 13.962 ;
; b[7]       ; cout        ; 11.392 ;        ;        ; 11.392 ;
; b[7]       ; t1          ; 12.818 ; 12.818 ; 12.818 ; 12.818 ;
; b[7]       ; t2          ; 13.539 ; 13.539 ; 13.539 ; 13.539 ;
; b[7]       ; t3          ; 13.984 ; 13.984 ; 13.984 ; 13.984 ;
; b[8]       ; cout        ; 11.350 ;        ;        ; 11.350 ;
; b[8]       ; t1          ; 12.719 ; 12.719 ; 12.719 ; 12.719 ;
; b[8]       ; t2          ; 13.451 ; 13.451 ; 13.451 ; 13.451 ;
; b[8]       ; t3          ; 13.895 ; 13.895 ; 13.895 ; 13.895 ;
; b[9]       ; cout        ; 10.497 ;        ;        ; 10.497 ;
; b[9]       ; t1          ; 11.923 ; 11.923 ; 11.923 ; 11.923 ;
; b[9]       ; t2          ; 12.644 ; 12.644 ; 12.644 ; 12.644 ;
; b[9]       ; t3          ; 13.089 ; 13.089 ; 13.089 ; 13.089 ;
; b[10]      ; cout        ; 10.635 ;        ;        ; 10.635 ;
; b[10]      ; t1          ; 11.746 ; 11.746 ; 11.746 ; 11.746 ;
; b[10]      ; t2          ; 12.467 ; 12.467 ; 12.467 ; 12.467 ;
; b[10]      ; t3          ; 12.912 ; 12.912 ; 12.912 ; 12.912 ;
; cin        ; cout        ; 11.652 ;        ;        ; 11.652 ;
; cin        ; t1          ; 13.078 ; 13.078 ; 13.078 ; 13.078 ;
; cin        ; t2          ; 13.799 ; 13.799 ; 13.799 ; 13.799 ;
; cin        ; t3          ; 14.244 ; 14.244 ; 14.244 ; 14.244 ;
; x2[0]      ; t1          ;        ; 7.193  ; 7.193  ;        ;
; x2[0]      ; t2          ; 7.802  ;        ;        ; 7.802  ;
; x2[0]      ; t3          ; 8.369  ; 8.247  ; 8.247  ; 8.369  ;
; x2[1]      ; t1          ;        ; 6.881  ; 6.881  ;        ;
; x2[1]      ; t2          ; 7.613  ;        ;        ; 7.613  ;
; x2[1]      ; t3          ; 8.057  ; 8.166  ; 8.166  ; 8.057  ;
; x2[2]      ; t1          ;        ; 6.854  ; 6.854  ;        ;
; x2[2]      ; t2          ; 7.586  ;        ;        ; 7.586  ;
; x2[2]      ; t3          ; 8.030  ; 8.096  ; 8.096  ; 8.030  ;
; x2[3]      ; t1          ;        ; 6.775  ; 6.775  ;        ;
; x2[3]      ; t2          ; 7.496  ;        ;        ; 7.496  ;
; x2[3]      ; t3          ; 7.951  ; 7.941  ; 7.941  ; 7.951  ;
; x2[4]      ; t1          ;        ; 10.489 ; 10.489 ;        ;
; x2[4]      ; t2          ; 11.201 ;        ;        ; 11.201 ;
; x2[4]      ; t3          ; 11.665 ; 11.646 ; 11.646 ; 11.665 ;
; x2[5]      ; t1          ;        ; 10.419 ; 10.419 ;        ;
; x2[5]      ; t2          ; 11.132 ;        ;        ; 11.132 ;
; x2[5]      ; t3          ; 11.595 ; 11.577 ; 11.577 ; 11.595 ;
; x2[6]      ; t1          ;        ; 10.493 ; 10.493 ;        ;
; x2[6]      ; t2          ; 11.225 ;        ;        ; 11.225 ;
; x2[6]      ; t3          ; 11.669 ; 11.683 ; 11.683 ; 11.669 ;
; x2[7]      ; t1          ;        ; 10.605 ; 10.605 ;        ;
; x2[7]      ; t2          ; 11.337 ;        ;        ; 11.337 ;
; x2[7]      ; t3          ; 11.781 ; 11.844 ; 11.844 ; 11.781 ;
; x2[8]      ; t1          ;        ; 10.286 ; 10.286 ;        ;
; x2[8]      ; t2          ; 11.018 ;        ;        ; 11.018 ;
; x2[8]      ; t3          ; 11.462 ; 11.497 ; 11.497 ; 11.462 ;
; x2[9]      ; t1          ;        ; 10.670 ; 10.670 ;        ;
; x2[9]      ; t2          ; 11.402 ;        ;        ; 11.402 ;
; x2[9]      ; t3          ; 11.846 ; 11.935 ; 11.935 ; 11.846 ;
; x2[10]     ; t1          ;        ; 9.246  ; 9.246  ;        ;
; x2[10]     ; t2          ; 9.978  ;        ;        ; 9.978  ;
; x2[10]     ; t3          ; 10.422 ; 10.493 ; 10.493 ; 10.422 ;
+------------+-------------+--------+--------+--------+--------+


----------------------------
; Fast Model Setup Summary ;
----------------------------
No paths to report.


---------------------------
; Fast Model Hold Summary ;
---------------------------
No paths to report.


-------------------------------
; Fast Model Recovery Summary ;
-------------------------------
No paths to report.


------------------------------
; Fast Model Removal Summary ;
------------------------------
No paths to report.


------------------------------------------
; Fast Model Minimum Pulse Width Summary ;
------------------------------------------
No paths to report.


+----------------------------------------------------------+
; Propagation Delay                                        ;
+------------+-------------+-------+-------+-------+-------+
; Input Port ; Output Port ; RR    ; RF    ; FR    ; FF    ;
+------------+-------------+-------+-------+-------+-------+
; a[0]       ; cout        ; 6.292 ;       ;       ; 6.292 ;
; a[0]       ; t1          ; 6.968 ; 6.968 ; 6.968 ; 6.968 ;
; a[0]       ; t2          ; 7.364 ; 7.364 ; 7.364 ; 7.364 ;
; a[0]       ; t3          ; 7.554 ; 7.554 ; 7.554 ; 7.554 ;
; a[1]       ; cout        ; 6.059 ;       ;       ; 6.059 ;
; a[1]       ; t1          ; 6.735 ; 6.735 ; 6.735 ; 6.735 ;
; a[1]       ; t2          ; 7.131 ; 7.131 ; 7.131 ; 7.131 ;
; a[1]       ; t3          ; 7.321 ; 7.321 ; 7.321 ; 7.321 ;
; a[2]       ; cout        ; 6.023 ;       ;       ; 6.023 ;
; a[2]       ; t1          ; 6.699 ; 6.699 ; 6.699 ; 6.699 ;
; a[2]       ; t2          ; 7.095 ; 7.095 ; 7.095 ; 7.095 ;
; a[2]       ; t3          ; 7.285 ; 7.285 ; 7.285 ; 7.285 ;
; a[3]       ; cout        ; 6.168 ;       ;       ; 6.168 ;
; a[3]       ; t1          ; 6.844 ; 6.844 ; 6.844 ; 6.844 ;
; a[3]       ; t2          ; 7.240 ; 7.240 ; 7.240 ; 7.240 ;
; a[3]       ; t3          ; 7.430 ; 7.430 ; 7.430 ; 7.430 ;
; a[4]       ; cout        ; 5.951 ;       ;       ; 5.951 ;
; a[4]       ; t1          ; 6.627 ; 6.627 ; 6.627 ; 6.627 ;
; a[4]       ; t2          ; 7.023 ; 7.023 ; 7.023 ; 7.023 ;
; a[4]       ; t3          ; 7.213 ; 7.213 ; 7.213 ; 7.213 ;
; a[5]       ; cout        ; 6.167 ;       ;       ; 6.167 ;
; a[5]       ; t1          ; 6.831 ; 6.831 ; 6.831 ; 6.831 ;
; a[5]       ; t2          ; 7.239 ; 7.239 ; 7.239 ; 7.239 ;
; a[5]       ; t3          ; 7.429 ; 7.429 ; 7.429 ; 7.429 ;
; a[6]       ; cout        ; 5.987 ;       ;       ; 5.987 ;
; a[6]       ; t1          ; 6.651 ; 6.651 ; 6.651 ; 6.651 ;
; a[6]       ; t2          ; 7.059 ; 7.059 ; 7.059 ; 7.059 ;
; a[6]       ; t3          ; 7.249 ; 7.249 ; 7.249 ; 7.249 ;
; a[7]       ; cout        ; 5.809 ;       ;       ; 5.809 ;
; a[7]       ; t1          ; 6.473 ; 6.473 ; 6.473 ; 6.473 ;
; a[7]       ; t2          ; 6.875 ; 6.875 ; 6.875 ; 6.875 ;
; a[7]       ; t3          ; 7.065 ; 7.065 ; 7.065 ; 7.065 ;
; a[8]       ; cout        ; 5.769 ;       ;       ; 5.769 ;
; a[8]       ; t1          ; 6.433 ; 6.433 ; 6.433 ; 6.433 ;
; a[8]       ; t2          ; 6.822 ; 6.822 ; 6.822 ; 6.822 ;
; a[8]       ; t3          ; 7.017 ; 7.017 ; 7.017 ; 7.017 ;
; a[9]       ; cout        ; 5.522 ;       ;       ; 5.522 ;
; a[9]       ; t1          ; 6.081 ; 6.081 ; 6.081 ; 6.081 ;
; a[9]       ; t2          ; 6.472 ; 6.472 ; 6.472 ; 6.472 ;
; a[9]       ; t3          ; 6.665 ; 6.665 ; 6.665 ; 6.665 ;
; a[10]      ; cout        ; 5.471 ;       ;       ; 5.471 ;
; a[10]      ; t1          ; 5.924 ; 5.924 ; 5.924 ; 5.924 ;
; a[10]      ; t2          ; 6.318 ; 6.318 ; 6.318 ; 6.318 ;
; a[10]      ; t3          ; 6.508 ; 6.508 ; 6.508 ; 6.508 ;
; b[0]       ; cout        ; 6.295 ;       ;       ; 6.295 ;
; b[0]       ; t1          ; 6.971 ; 6.971 ; 6.971 ; 6.971 ;
; b[0]       ; t2          ; 7.367 ; 7.367 ; 7.367 ; 7.367 ;
; b[0]       ; t3          ; 7.557 ; 7.557 ; 7.557 ; 7.557 ;
; b[1]       ; cout        ; 6.539 ;       ;       ; 6.539 ;
; b[1]       ; t1          ; 7.215 ; 7.215 ; 7.215 ; 7.215 ;
; b[1]       ; t2          ; 7.611 ; 7.611 ; 7.611 ; 7.611 ;
; b[1]       ; t3          ; 7.801 ; 7.801 ; 7.801 ; 7.801 ;
; b[2]       ; cout        ; 5.819 ;       ;       ; 5.819 ;
; b[2]       ; t1          ; 6.495 ; 6.495 ; 6.495 ; 6.495 ;
; b[2]       ; t2          ; 6.891 ; 6.891 ; 6.891 ; 6.891 ;
; b[2]       ; t3          ; 7.081 ; 7.081 ; 7.081 ; 7.081 ;
; b[3]       ; cout        ; 6.266 ;       ;       ; 6.266 ;
; b[3]       ; t1          ; 6.942 ; 6.942 ; 6.942 ; 6.942 ;
; b[3]       ; t2          ; 7.338 ; 7.338 ; 7.338 ; 7.338 ;
; b[3]       ; t3          ; 7.528 ; 7.528 ; 7.528 ; 7.528 ;
; b[4]       ; cout        ; 5.815 ;       ;       ; 5.815 ;
; b[4]       ; t1          ; 6.491 ; 6.491 ; 6.491 ; 6.491 ;
; b[4]       ; t2          ; 6.887 ; 6.887 ; 6.887 ; 6.887 ;
; b[4]       ; t3          ; 7.077 ; 7.077 ; 7.077 ; 7.077 ;
; b[5]       ; cout        ; 6.043 ;       ;       ; 6.043 ;
; b[5]       ; t1          ; 6.707 ; 6.707 ; 6.707 ; 6.707 ;
; b[5]       ; t2          ; 7.115 ; 7.115 ; 7.115 ; 7.115 ;
; b[5]       ; t3          ; 7.305 ; 7.305 ; 7.305 ; 7.305 ;
; b[6]       ; cout        ; 6.228 ;       ;       ; 6.228 ;
; b[6]       ; t1          ; 6.892 ; 6.892 ; 6.892 ; 6.892 ;
; b[6]       ; t2          ; 7.300 ; 7.300 ; 7.300 ; 7.300 ;
; b[6]       ; t3          ; 7.490 ; 7.490 ; 7.490 ; 7.490 ;
; b[7]       ; cout        ; 6.262 ;       ;       ; 6.262 ;
; b[7]       ; t1          ; 6.926 ; 6.926 ; 6.926 ; 6.926 ;
; b[7]       ; t2          ; 7.328 ; 7.328 ; 7.328 ; 7.328 ;
; b[7]       ; t3          ; 7.518 ; 7.518 ; 7.518 ; 7.518 ;
; b[8]       ; cout        ; 6.229 ;       ;       ; 6.229 ;
; b[8]       ; t1          ; 6.893 ; 6.893 ; 6.893 ; 6.893 ;
; b[8]       ; t2          ; 7.282 ; 7.282 ; 7.282 ; 7.282 ;
; b[8]       ; t3          ; 7.477 ; 7.477 ; 7.477 ; 7.477 ;
; b[9]       ; cout        ; 5.769 ;       ;       ; 5.769 ;
; b[9]       ; t1          ; 6.330 ; 6.330 ; 6.330 ; 6.330 ;
; b[9]       ; t2          ; 6.719 ; 6.719 ; 6.719 ; 6.719 ;
; b[9]       ; t3          ; 6.914 ; 6.914 ; 6.914 ; 6.914 ;
; b[10]      ; cout        ; 5.865 ;       ;       ; 5.865 ;
; b[10]      ; t1          ; 6.316 ; 6.316 ; 6.316 ; 6.316 ;
; b[10]      ; t2          ; 6.710 ; 6.710 ; 6.710 ; 6.710 ;
; b[10]      ; t3          ; 6.900 ; 6.900 ; 6.900 ; 6.900 ;
; cin        ; cout        ; 6.383 ;       ;       ; 6.383 ;
; cin        ; t1          ; 7.059 ; 7.059 ; 7.059 ; 7.059 ;
; cin        ; t2          ; 7.455 ; 7.455 ; 7.455 ; 7.455 ;
; cin        ; t3          ; 7.645 ; 7.645 ; 7.645 ; 7.645 ;
; x2[0]      ; t1          ;       ; 3.598 ; 3.598 ;       ;
; x2[0]      ; t2          ; 3.986 ;       ;       ; 3.986 ;
; x2[0]      ; t3          ; 4.182 ; 4.114 ; 4.114 ; 4.182 ;
; x2[1]      ; t1          ;       ; 3.449 ; 3.449 ;       ;
; x2[1]      ; t2          ; 3.883 ;       ;       ; 3.883 ;
; x2[1]      ; t3          ; 4.033 ; 4.073 ; 4.073 ; 4.033 ;
; x2[2]      ; t1          ;       ; 3.434 ; 3.434 ;       ;
; x2[2]      ; t2          ; 3.843 ;       ;       ; 3.843 ;
; x2[2]      ; t3          ; 4.018 ; 4.033 ; 4.033 ; 4.018 ;
; x2[3]      ; t1          ;       ; 3.400 ; 3.400 ;       ;
; x2[3]      ; t2          ; 3.788 ;       ;       ; 3.788 ;
; x2[3]      ; t3          ; 3.984 ; 3.956 ; 3.956 ; 3.984 ;
; x2[4]      ; t1          ;       ; 5.708 ; 5.708 ;       ;
; x2[4]      ; t2          ; 6.096 ;       ;       ; 6.096 ;
; x2[4]      ; t3          ; 6.292 ; 6.255 ; 6.255 ; 6.292 ;
; x2[5]      ; t1          ;       ; 5.674 ; 5.674 ;       ;
; x2[5]      ; t2          ; 6.062 ;       ;       ; 6.062 ;
; x2[5]      ; t3          ; 6.258 ; 6.223 ; 6.223 ; 6.258 ;
; x2[6]      ; t1          ;       ; 5.708 ; 5.708 ;       ;
; x2[6]      ; t2          ; 6.096 ;       ;       ; 6.096 ;
; x2[6]      ; t3          ; 6.292 ; 6.272 ; 6.272 ; 6.292 ;
; x2[7]      ; t1          ;       ; 5.777 ; 5.777 ;       ;
; x2[7]      ; t2          ; 6.191 ;       ;       ; 6.191 ;
; x2[7]      ; t3          ; 6.361 ; 6.381 ; 6.381 ; 6.361 ;
; x2[8]      ; t1          ;       ; 5.591 ; 5.591 ;       ;
; x2[8]      ; t2          ; 5.997 ;       ;       ; 5.997 ;
; x2[8]      ; t3          ; 6.175 ; 6.187 ; 6.187 ; 6.175 ;
; x2[9]      ; t1          ;       ; 5.782 ; 5.782 ;       ;
; x2[9]      ; t2          ; 6.206 ;       ;       ; 6.206 ;
; x2[9]      ; t3          ; 6.366 ; 6.396 ; 6.396 ; 6.366 ;
; x2[10]     ; t1          ;       ; 5.160 ; 5.160 ;       ;
; x2[10]     ; t2          ; 5.583 ;       ;       ; 5.583 ;
; x2[10]     ; t3          ; 5.744 ; 5.773 ; 5.773 ; 5.744 ;
+------------+-------------+-------+-------+-------+-------+


+----------------------------------------------------------+
; Minimum Propagation Delay                                ;
+------------+-------------+-------+-------+-------+-------+
; Input Port ; Output Port ; RR    ; RF    ; FR    ; FF    ;
+------------+-------------+-------+-------+-------+-------+
; a[0]       ; cout        ; 6.292 ;       ;       ; 6.292 ;
; a[0]       ; t1          ; 6.834 ; 6.834 ; 6.834 ; 6.834 ;
; a[0]       ; t2          ; 7.222 ; 7.222 ; 7.222 ; 7.222 ;
; a[0]       ; t3          ; 7.418 ; 7.418 ; 7.418 ; 7.418 ;
; a[1]       ; cout        ; 6.059 ;       ;       ; 6.059 ;
; a[1]       ; t1          ; 6.612 ; 6.612 ; 6.612 ; 6.612 ;
; a[1]       ; t2          ; 7.000 ; 7.000 ; 7.000 ; 7.000 ;
; a[1]       ; t3          ; 7.196 ; 7.196 ; 7.196 ; 7.196 ;
; a[2]       ; cout        ; 6.023 ;       ;       ; 6.023 ;
; a[2]       ; t1          ; 6.555 ; 6.555 ; 6.555 ; 6.555 ;
; a[2]       ; t2          ; 6.943 ; 6.943 ; 6.943 ; 6.943 ;
; a[2]       ; t3          ; 7.139 ; 7.139 ; 7.139 ; 7.139 ;
; a[3]       ; cout        ; 6.168 ;       ;       ; 6.168 ;
; a[3]       ; t1          ; 6.724 ; 6.724 ; 6.724 ; 6.724 ;
; a[3]       ; t2          ; 7.100 ; 7.100 ; 7.100 ; 7.100 ;
; a[3]       ; t3          ; 7.290 ; 7.290 ; 7.290 ; 7.290 ;
; a[4]       ; cout        ; 5.951 ;       ;       ; 5.951 ;
; a[4]       ; t1          ; 6.496 ; 6.496 ; 6.496 ; 6.496 ;
; a[4]       ; t2          ; 6.855 ; 6.855 ; 6.855 ; 6.855 ;
; a[4]       ; t3          ; 7.045 ; 7.045 ; 7.045 ; 7.045 ;
; a[5]       ; cout        ; 6.167 ;       ;       ; 6.167 ;
; a[5]       ; t1          ; 6.723 ; 6.723 ; 6.723 ; 6.723 ;
; a[5]       ; t2          ; 7.078 ; 7.078 ; 7.078 ; 7.078 ;
; a[5]       ; t3          ; 7.268 ; 7.268 ; 7.268 ; 7.268 ;
; a[6]       ; cout        ; 5.987 ;       ;       ; 5.987 ;
; a[6]       ; t1          ; 6.536 ; 6.536 ; 6.536 ; 6.536 ;
; a[6]       ; t2          ; 6.894 ; 6.894 ; 6.894 ; 6.894 ;
; a[6]       ; t3          ; 7.084 ; 7.084 ; 7.084 ; 7.084 ;
; a[7]       ; cout        ; 5.809 ;       ;       ; 5.809 ;
; a[7]       ; t1          ; 6.365 ; 6.365 ; 6.365 ; 6.365 ;
; a[7]       ; t2          ; 6.753 ; 6.753 ; 6.753 ; 6.753 ;
; a[7]       ; t3          ; 6.949 ; 6.949 ; 6.949 ; 6.949 ;
; a[8]       ; cout        ; 5.769 ;       ;       ; 5.769 ;
; a[8]       ; t1          ; 6.295 ; 6.295 ; 6.295 ; 6.295 ;
; a[8]       ; t2          ; 6.683 ; 6.683 ; 6.683 ; 6.683 ;
; a[8]       ; t3          ; 6.879 ; 6.879 ; 6.879 ; 6.879 ;
; a[9]       ; cout        ; 5.522 ;       ;       ; 5.522 ;
; a[9]       ; t1          ; 6.078 ; 6.078 ; 6.078 ; 6.078 ;
; a[9]       ; t2          ; 6.466 ; 6.466 ; 6.466 ; 6.466 ;
; a[9]       ; t3          ; 6.660 ; 6.660 ; 6.660 ; 6.660 ;
; a[10]      ; cout        ; 5.471 ;       ;       ; 5.471 ;
; a[10]      ; t1          ; 5.924 ; 5.924 ; 5.924 ; 5.924 ;
; a[10]      ; t2          ; 6.312 ; 6.312 ; 6.312 ; 6.312 ;
; a[10]      ; t3          ; 6.508 ; 6.508 ; 6.508 ; 6.508 ;
; b[0]       ; cout        ; 6.295 ;       ;       ; 6.295 ;
; b[0]       ; t1          ; 6.839 ; 6.839 ; 6.839 ; 6.839 ;
; b[0]       ; t2          ; 7.227 ; 7.227 ; 7.227 ; 7.227 ;
; b[0]       ; t3          ; 7.423 ; 7.423 ; 7.423 ; 7.423 ;
; b[1]       ; cout        ; 6.539 ;       ;       ; 6.539 ;
; b[1]       ; t1          ; 7.090 ; 7.090 ; 7.090 ; 7.090 ;
; b[1]       ; t2          ; 7.478 ; 7.478 ; 7.478 ; 7.478 ;
; b[1]       ; t3          ; 7.674 ; 7.674 ; 7.674 ; 7.674 ;
; b[2]       ; cout        ; 5.819 ;       ;       ; 5.819 ;
; b[2]       ; t1          ; 6.353 ; 6.353 ; 6.353 ; 6.353 ;
; b[2]       ; t2          ; 6.741 ; 6.741 ; 6.741 ; 6.741 ;
; b[2]       ; t3          ; 6.937 ; 6.937 ; 6.937 ; 6.937 ;
; b[3]       ; cout        ; 6.266 ;       ;       ; 6.266 ;
; b[3]       ; t1          ; 6.822 ; 6.822 ; 6.822 ; 6.822 ;
; b[3]       ; t2          ; 7.196 ; 7.196 ; 7.196 ; 7.196 ;
; b[3]       ; t3          ; 7.386 ; 7.386 ; 7.386 ; 7.386 ;
; b[4]       ; cout        ; 5.815 ;       ;       ; 5.815 ;
; b[4]       ; t1          ; 6.362 ; 6.362 ; 6.362 ; 6.362 ;
; b[4]       ; t2          ; 6.721 ; 6.721 ; 6.721 ; 6.721 ;
; b[4]       ; t3          ; 6.911 ; 6.911 ; 6.911 ; 6.911 ;
; b[5]       ; cout        ; 6.043 ;       ;       ; 6.043 ;
; b[5]       ; t1          ; 6.599 ; 6.599 ; 6.599 ; 6.599 ;
; b[5]       ; t2          ; 6.956 ; 6.956 ; 6.956 ; 6.956 ;
; b[5]       ; t3          ; 7.146 ; 7.146 ; 7.146 ; 7.146 ;
; b[6]       ; cout        ; 6.228 ;       ;       ; 6.228 ;
; b[6]       ; t1          ; 6.776 ; 6.776 ; 6.776 ; 6.776 ;
; b[6]       ; t2          ; 7.134 ; 7.134 ; 7.134 ; 7.134 ;
; b[6]       ; t3          ; 7.324 ; 7.324 ; 7.324 ; 7.324 ;
; b[7]       ; cout        ; 6.262 ;       ;       ; 6.262 ;
; b[7]       ; t1          ; 6.818 ; 6.818 ; 6.818 ; 6.818 ;
; b[7]       ; t2          ; 7.206 ; 7.206 ; 7.206 ; 7.206 ;
; b[7]       ; t3          ; 7.402 ; 7.402 ; 7.402 ; 7.402 ;
; b[8]       ; cout        ; 6.229 ;       ;       ; 6.229 ;
; b[8]       ; t1          ; 6.753 ; 6.753 ; 6.753 ; 6.753 ;
; b[8]       ; t2          ; 7.141 ; 7.141 ; 7.141 ; 7.141 ;
; b[8]       ; t3          ; 7.337 ; 7.337 ; 7.337 ; 7.337 ;
; b[9]       ; cout        ; 5.769 ;       ;       ; 5.769 ;
; b[9]       ; t1          ; 6.325 ; 6.325 ; 6.325 ; 6.325 ;
; b[9]       ; t2          ; 6.713 ; 6.713 ; 6.713 ; 6.713 ;
; b[9]       ; t3          ; 6.909 ; 6.909 ; 6.909 ; 6.909 ;
; b[10]      ; cout        ; 5.865 ;       ;       ; 5.865 ;
; b[10]      ; t1          ; 6.316 ; 6.316 ; 6.316 ; 6.316 ;
; b[10]      ; t2          ; 6.704 ; 6.704 ; 6.704 ; 6.704 ;
; b[10]      ; t3          ; 6.900 ; 6.900 ; 6.900 ; 6.900 ;
; cin        ; cout        ; 6.383 ;       ;       ; 6.383 ;
; cin        ; t1          ; 6.939 ; 6.939 ; 6.939 ; 6.939 ;
; cin        ; t2          ; 7.327 ; 7.327 ; 7.327 ; 7.327 ;
; cin        ; t3          ; 7.523 ; 7.523 ; 7.523 ; 7.523 ;
; x2[0]      ; t1          ;       ; 3.598 ; 3.598 ;       ;
; x2[0]      ; t2          ; 3.924 ;       ;       ; 3.924 ;
; x2[0]      ; t3          ; 4.182 ; 4.114 ; 4.114 ; 4.182 ;
; x2[1]      ; t1          ;       ; 3.449 ; 3.449 ;       ;
; x2[1]      ; t2          ; 3.837 ;       ;       ; 3.837 ;
; x2[1]      ; t3          ; 4.033 ; 4.073 ; 4.073 ; 4.033 ;
; x2[2]      ; t1          ;       ; 3.434 ; 3.434 ;       ;
; x2[2]      ; t2          ; 3.822 ;       ;       ; 3.822 ;
; x2[2]      ; t3          ; 4.018 ; 4.033 ; 4.033 ; 4.018 ;
; x2[3]      ; t1          ;       ; 3.400 ; 3.400 ;       ;
; x2[3]      ; t2          ; 3.766 ;       ;       ; 3.766 ;
; x2[3]      ; t3          ; 3.984 ; 3.956 ; 3.956 ; 3.984 ;
; x2[4]      ; t1          ;       ; 5.708 ; 5.708 ;       ;
; x2[4]      ; t2          ; 6.065 ;       ;       ; 6.065 ;
; x2[4]      ; t3          ; 6.292 ; 6.255 ; 6.255 ; 6.292 ;
; x2[5]      ; t1          ;       ; 5.674 ; 5.674 ;       ;
; x2[5]      ; t2          ; 6.033 ;       ;       ; 6.033 ;
; x2[5]      ; t3          ; 6.258 ; 6.223 ; 6.223 ; 6.258 ;
; x2[6]      ; t1          ;       ; 5.708 ; 5.708 ;       ;
; x2[6]      ; t2          ; 6.082 ;       ;       ; 6.082 ;
; x2[6]      ; t3          ; 6.292 ; 6.272 ; 6.272 ; 6.292 ;
; x2[7]      ; t1          ;       ; 5.777 ; 5.777 ;       ;
; x2[7]      ; t2          ; 6.165 ;       ;       ; 6.165 ;
; x2[7]      ; t3          ; 6.361 ; 6.381 ; 6.381 ; 6.361 ;
; x2[8]      ; t1          ;       ; 5.591 ; 5.591 ;       ;
; x2[8]      ; t2          ; 5.979 ;       ;       ; 5.979 ;
; x2[8]      ; t3          ; 6.175 ; 6.187 ; 6.187 ; 6.175 ;
; x2[9]      ; t1          ;       ; 5.782 ; 5.782 ;       ;
; x2[9]      ; t2          ; 6.170 ;       ;       ; 6.170 ;
; x2[9]      ; t3          ; 6.366 ; 6.396 ; 6.396 ; 6.366 ;
; x2[10]     ; t1          ;       ; 5.160 ; 5.160 ;       ;
; x2[10]     ; t2          ; 5.548 ;       ;       ; 5.548 ;
; x2[10]     ; t3          ; 5.744 ; 5.773 ; 5.773 ; 5.744 ;
+------------+-------------+-------+-------+-------+-------+


+----------------------------------------------------------------------------+
; Multicorner Timing Analysis Summary                                        ;
+------------------+-------+------+----------+---------+---------------------+
; Clock            ; Setup ; Hold ; Recovery ; Removal ; Minimum Pulse Width ;
+------------------+-------+------+----------+---------+---------------------+
; Worst-case Slack ; N/A   ; N/A  ; N/A      ; N/A     ; N/A                 ;
; Design-wide TNS  ; 0.0   ; 0.0  ; 0.0      ; 0.0     ; 0.0                 ;
+------------------+-------+------+----------+---------+---------------------+


+--------------------------------------------------------------+
; Progagation Delay                                            ;
+------------+-------------+--------+--------+--------+--------+
; Input Port ; Output Port ; RR     ; RF     ; FR     ; FF     ;
+------------+-------------+--------+--------+--------+--------+
; a[0]       ; cout        ; 11.518 ;        ;        ; 11.518 ;
; a[0]       ; t1          ; 13.292 ; 13.292 ; 13.292 ; 13.292 ;
; a[0]       ; t2          ; 14.053 ; 14.053 ; 14.053 ; 14.053 ;
; a[0]       ; t3          ; 14.498 ; 14.498 ; 14.498 ; 14.498 ;
; a[1]       ; cout        ; 11.098 ;        ;        ; 11.098 ;
; a[1]       ; t1          ; 12.872 ; 12.872 ; 12.872 ; 12.872 ;
; a[1]       ; t2          ; 13.633 ; 13.633 ; 13.633 ; 13.633 ;
; a[1]       ; t3          ; 14.078 ; 14.078 ; 14.078 ; 14.078 ;
; a[2]       ; cout        ; 10.913 ;        ;        ; 10.913 ;
; a[2]       ; t1          ; 12.687 ; 12.687 ; 12.687 ; 12.687 ;
; a[2]       ; t2          ; 13.448 ; 13.448 ; 13.448 ; 13.448 ;
; a[2]       ; t3          ; 13.893 ; 13.893 ; 13.893 ; 13.893 ;
; a[3]       ; cout        ; 11.245 ;        ;        ; 11.245 ;
; a[3]       ; t1          ; 13.011 ; 13.011 ; 13.011 ; 13.011 ;
; a[3]       ; t2          ; 13.780 ; 13.780 ; 13.780 ; 13.780 ;
; a[3]       ; t3          ; 14.225 ; 14.225 ; 14.225 ; 14.225 ;
; a[4]       ; cout        ; 10.899 ;        ;        ; 10.899 ;
; a[4]       ; t1          ; 12.665 ; 12.665 ; 12.665 ; 12.665 ;
; a[4]       ; t2          ; 13.434 ; 13.434 ; 13.434 ; 13.434 ;
; a[4]       ; t3          ; 13.879 ; 13.879 ; 13.879 ; 13.879 ;
; a[5]       ; cout        ; 11.234 ;        ;        ; 11.234 ;
; a[5]       ; t1          ; 12.991 ; 12.991 ; 12.991 ; 12.991 ;
; a[5]       ; t2          ; 13.769 ; 13.769 ; 13.769 ; 13.769 ;
; a[5]       ; t3          ; 14.214 ; 14.214 ; 14.214 ; 14.214 ;
; a[6]       ; cout        ; 10.888 ;        ;        ; 10.888 ;
; a[6]       ; t1          ; 12.645 ; 12.645 ; 12.645 ; 12.645 ;
; a[6]       ; t2          ; 13.423 ; 13.423 ; 13.423 ; 13.423 ;
; a[6]       ; t3          ; 13.868 ; 13.868 ; 13.868 ; 13.868 ;
; a[7]       ; cout        ; 10.525 ;        ;        ; 10.525 ;
; a[7]       ; t1          ; 12.282 ; 12.282 ; 12.282 ; 12.282 ;
; a[7]       ; t2          ; 13.052 ; 13.052 ; 13.052 ; 13.052 ;
; a[7]       ; t3          ; 13.497 ; 13.497 ; 13.497 ; 13.497 ;
; a[8]       ; cout        ; 10.405 ;        ;        ; 10.405 ;
; a[8]       ; t1          ; 12.162 ; 12.162 ; 12.162 ; 12.162 ;
; a[8]       ; t2          ; 12.898 ; 12.898 ; 12.898 ; 12.898 ;
; a[8]       ; t3          ; 13.343 ; 13.343 ; 13.343 ; 13.343 ;
; a[9]       ; cout        ; 10.010 ;        ;        ; 10.010 ;
; a[9]       ; t1          ; 11.452 ; 11.452 ; 11.452 ; 11.452 ;
; a[9]       ; t2          ; 12.188 ; 12.188 ; 12.188 ; 12.188 ;
; a[9]       ; t3          ; 12.633 ; 12.633 ; 12.633 ; 12.633 ;
; a[10]      ; cout        ; 9.905  ;        ;        ; 9.905  ;
; a[10]      ; t1          ; 11.015 ; 11.015 ; 11.015 ; 11.015 ;
; a[10]      ; t2          ; 11.747 ; 11.747 ; 11.747 ; 11.747 ;
; a[10]      ; t3          ; 12.191 ; 12.191 ; 12.191 ; 12.191 ;
; b[0]       ; cout        ; 11.488 ;        ;        ; 11.488 ;
; b[0]       ; t1          ; 13.262 ; 13.262 ; 13.262 ; 13.262 ;
; b[0]       ; t2          ; 14.023 ; 14.023 ; 14.023 ; 14.023 ;
; b[0]       ; t3          ; 14.468 ; 14.468 ; 14.468 ; 14.468 ;
; b[1]       ; cout        ; 11.935 ;        ;        ; 11.935 ;
; b[1]       ; t1          ; 13.709 ; 13.709 ; 13.709 ; 13.709 ;
; b[1]       ; t2          ; 14.470 ; 14.470 ; 14.470 ; 14.470 ;
; b[1]       ; t3          ; 14.915 ; 14.915 ; 14.915 ; 14.915 ;
; b[2]       ; cout        ; 10.569 ;        ;        ; 10.569 ;
; b[2]       ; t1          ; 12.343 ; 12.343 ; 12.343 ; 12.343 ;
; b[2]       ; t2          ; 13.104 ; 13.104 ; 13.104 ; 13.104 ;
; b[2]       ; t3          ; 13.549 ; 13.549 ; 13.549 ; 13.549 ;
; b[3]       ; cout        ; 11.417 ;        ;        ; 11.417 ;
; b[3]       ; t1          ; 13.183 ; 13.183 ; 13.183 ; 13.183 ;
; b[3]       ; t2          ; 13.952 ; 13.952 ; 13.952 ; 13.952 ;
; b[3]       ; t3          ; 14.397 ; 14.397 ; 14.397 ; 14.397 ;
; b[4]       ; cout        ; 10.544 ;        ;        ; 10.544 ;
; b[4]       ; t1          ; 12.310 ; 12.310 ; 12.310 ; 12.310 ;
; b[4]       ; t2          ; 13.079 ; 13.079 ; 13.079 ; 13.079 ;
; b[4]       ; t3          ; 13.524 ; 13.524 ; 13.524 ; 13.524 ;
; b[5]       ; cout        ; 11.018 ;        ;        ; 11.018 ;
; b[5]       ; t1          ; 12.775 ; 12.775 ; 12.775 ; 12.775 ;
; b[5]       ; t2          ; 13.553 ; 13.553 ; 13.553 ; 13.553 ;
; b[5]       ; t3          ; 13.998 ; 13.998 ; 13.998 ; 13.998 ;
; b[6]       ; cout        ; 11.409 ;        ;        ; 11.409 ;
; b[6]       ; t1          ; 13.166 ; 13.166 ; 13.166 ; 13.166 ;
; b[6]       ; t2          ; 13.944 ; 13.944 ; 13.944 ; 13.944 ;
; b[6]       ; t3          ; 14.389 ; 14.389 ; 14.389 ; 14.389 ;
; b[7]       ; cout        ; 11.392 ;        ;        ; 11.392 ;
; b[7]       ; t1          ; 13.149 ; 13.149 ; 13.149 ; 13.149 ;
; b[7]       ; t2          ; 13.919 ; 13.919 ; 13.919 ; 13.919 ;
; b[7]       ; t3          ; 14.364 ; 14.364 ; 14.364 ; 14.364 ;
; b[8]       ; cout        ; 11.350 ;        ;        ; 11.350 ;
; b[8]       ; t1          ; 13.107 ; 13.107 ; 13.107 ; 13.107 ;
; b[8]       ; t2          ; 13.843 ; 13.843 ; 13.843 ; 13.843 ;
; b[8]       ; t3          ; 14.288 ; 14.288 ; 14.288 ; 14.288 ;
; b[9]       ; cout        ; 10.497 ;        ;        ; 10.497 ;
; b[9]       ; t1          ; 11.942 ; 11.942 ; 11.942 ; 11.942 ;
; b[9]       ; t2          ; 12.678 ; 12.678 ; 12.678 ; 12.678 ;
; b[9]       ; t3          ; 13.123 ; 13.123 ; 13.123 ; 13.123 ;
; b[10]      ; cout        ; 10.635 ;        ;        ; 10.635 ;
; b[10]      ; t1          ; 11.746 ; 11.746 ; 11.746 ; 11.746 ;
; b[10]      ; t2          ; 12.478 ; 12.478 ; 12.478 ; 12.478 ;
; b[10]      ; t3          ; 12.922 ; 12.922 ; 12.922 ; 12.922 ;
; cin        ; cout        ; 11.652 ;        ;        ; 11.652 ;
; cin        ; t1          ; 13.426 ; 13.426 ; 13.426 ; 13.426 ;
; cin        ; t2          ; 14.187 ; 14.187 ; 14.187 ; 14.187 ;
; cin        ; t3          ; 14.632 ; 14.632 ; 14.632 ; 14.632 ;
; x2[0]      ; t1          ;        ; 7.193  ; 7.193  ;        ;
; x2[0]      ; t2          ; 7.925  ;        ;        ; 7.925  ;
; x2[0]      ; t3          ; 8.369  ; 8.247  ; 8.247  ; 8.369  ;
; x2[1]      ; t1          ;        ; 6.881  ; 6.881  ;        ;
; x2[1]      ; t2          ; 7.721  ;        ;        ; 7.721  ;
; x2[1]      ; t3          ; 8.057  ; 8.166  ; 8.166  ; 8.057  ;
; x2[2]      ; t1          ;        ; 6.854  ; 6.854  ;        ;
; x2[2]      ; t2          ; 7.651  ;        ;        ; 7.651  ;
; x2[2]      ; t3          ; 8.030  ; 8.096  ; 8.096  ; 8.030  ;
; x2[3]      ; t1          ;        ; 6.775  ; 6.775  ;        ;
; x2[3]      ; t2          ; 7.507  ;        ;        ; 7.507  ;
; x2[3]      ; t3          ; 7.951  ; 7.941  ; 7.941  ; 7.951  ;
; x2[4]      ; t1          ;        ; 10.489 ; 10.489 ;        ;
; x2[4]      ; t2          ; 11.221 ;        ;        ; 11.221 ;
; x2[4]      ; t3          ; 11.665 ; 11.646 ; 11.646 ; 11.665 ;
; x2[5]      ; t1          ;        ; 10.419 ; 10.419 ;        ;
; x2[5]      ; t2          ; 11.151 ;        ;        ; 11.151 ;
; x2[5]      ; t3          ; 11.595 ; 11.577 ; 11.577 ; 11.595 ;
; x2[6]      ; t1          ;        ; 10.493 ; 10.493 ;        ;
; x2[6]      ; t2          ; 11.238 ;        ;        ; 11.238 ;
; x2[6]      ; t3          ; 11.669 ; 11.683 ; 11.683 ; 11.669 ;
; x2[7]      ; t1          ;        ; 10.605 ; 10.605 ;        ;
; x2[7]      ; t2          ; 11.399 ;        ;        ; 11.399 ;
; x2[7]      ; t3          ; 11.781 ; 11.844 ; 11.844 ; 11.781 ;
; x2[8]      ; t1          ;        ; 10.286 ; 10.286 ;        ;
; x2[8]      ; t2          ; 11.052 ;        ;        ; 11.052 ;
; x2[8]      ; t3          ; 11.462 ; 11.497 ; 11.497 ; 11.462 ;
; x2[9]      ; t1          ;        ; 10.670 ; 10.670 ;        ;
; x2[9]      ; t2          ; 11.490 ;        ;        ; 11.490 ;
; x2[9]      ; t3          ; 11.846 ; 11.935 ; 11.935 ; 11.846 ;
; x2[10]     ; t1          ;        ; 9.246  ; 9.246  ;        ;
; x2[10]     ; t2          ; 10.048 ;        ;        ; 10.048 ;
; x2[10]     ; t3          ; 10.422 ; 10.493 ; 10.493 ; 10.422 ;
+------------+-------------+--------+--------+--------+--------+


+----------------------------------------------------------+
; Minimum Progagation Delay                                ;
+------------+-------------+-------+-------+-------+-------+
; Input Port ; Output Port ; RR    ; RF    ; FR    ; FF    ;
+------------+-------------+-------+-------+-------+-------+
; a[0]       ; cout        ; 6.292 ;       ;       ; 6.292 ;
; a[0]       ; t1          ; 6.834 ; 6.834 ; 6.834 ; 6.834 ;
; a[0]       ; t2          ; 7.222 ; 7.222 ; 7.222 ; 7.222 ;
; a[0]       ; t3          ; 7.418 ; 7.418 ; 7.418 ; 7.418 ;
; a[1]       ; cout        ; 6.059 ;       ;       ; 6.059 ;
; a[1]       ; t1          ; 6.612 ; 6.612 ; 6.612 ; 6.612 ;
; a[1]       ; t2          ; 7.000 ; 7.000 ; 7.000 ; 7.000 ;
; a[1]       ; t3          ; 7.196 ; 7.196 ; 7.196 ; 7.196 ;
; a[2]       ; cout        ; 6.023 ;       ;       ; 6.023 ;
; a[2]       ; t1          ; 6.555 ; 6.555 ; 6.555 ; 6.555 ;
; a[2]       ; t2          ; 6.943 ; 6.943 ; 6.943 ; 6.943 ;
; a[2]       ; t3          ; 7.139 ; 7.139 ; 7.139 ; 7.139 ;
; a[3]       ; cout        ; 6.168 ;       ;       ; 6.168 ;
; a[3]       ; t1          ; 6.724 ; 6.724 ; 6.724 ; 6.724 ;
; a[3]       ; t2          ; 7.100 ; 7.100 ; 7.100 ; 7.100 ;
; a[3]       ; t3          ; 7.290 ; 7.290 ; 7.290 ; 7.290 ;
; a[4]       ; cout        ; 5.951 ;       ;       ; 5.951 ;
; a[4]       ; t1          ; 6.496 ; 6.496 ; 6.496 ; 6.496 ;
; a[4]       ; t2          ; 6.855 ; 6.855 ; 6.855 ; 6.855 ;
; a[4]       ; t3          ; 7.045 ; 7.045 ; 7.045 ; 7.045 ;
; a[5]       ; cout        ; 6.167 ;       ;       ; 6.167 ;
; a[5]       ; t1          ; 6.723 ; 6.723 ; 6.723 ; 6.723 ;
; a[5]       ; t2          ; 7.078 ; 7.078 ; 7.078 ; 7.078 ;
; a[5]       ; t3          ; 7.268 ; 7.268 ; 7.268 ; 7.268 ;
; a[6]       ; cout        ; 5.987 ;       ;       ; 5.987 ;
; a[6]       ; t1          ; 6.536 ; 6.536 ; 6.536 ; 6.536 ;
; a[6]       ; t2          ; 6.894 ; 6.894 ; 6.894 ; 6.894 ;
; a[6]       ; t3          ; 7.084 ; 7.084 ; 7.084 ; 7.084 ;
; a[7]       ; cout        ; 5.809 ;       ;       ; 5.809 ;
; a[7]       ; t1          ; 6.365 ; 6.365 ; 6.365 ; 6.365 ;
; a[7]       ; t2          ; 6.753 ; 6.753 ; 6.753 ; 6.753 ;
; a[7]       ; t3          ; 6.949 ; 6.949 ; 6.949 ; 6.949 ;
; a[8]       ; cout        ; 5.769 ;       ;       ; 5.769 ;
; a[8]       ; t1          ; 6.295 ; 6.295 ; 6.295 ; 6.295 ;
; a[8]       ; t2          ; 6.683 ; 6.683 ; 6.683 ; 6.683 ;
; a[8]       ; t3          ; 6.879 ; 6.879 ; 6.879 ; 6.879 ;
; a[9]       ; cout        ; 5.522 ;       ;       ; 5.522 ;
; a[9]       ; t1          ; 6.078 ; 6.078 ; 6.078 ; 6.078 ;
; a[9]       ; t2          ; 6.466 ; 6.466 ; 6.466 ; 6.466 ;
; a[9]       ; t3          ; 6.660 ; 6.660 ; 6.660 ; 6.660 ;
; a[10]      ; cout        ; 5.471 ;       ;       ; 5.471 ;
; a[10]      ; t1          ; 5.924 ; 5.924 ; 5.924 ; 5.924 ;
; a[10]      ; t2          ; 6.312 ; 6.312 ; 6.312 ; 6.312 ;
; a[10]      ; t3          ; 6.508 ; 6.508 ; 6.508 ; 6.508 ;
; b[0]       ; cout        ; 6.295 ;       ;       ; 6.295 ;
; b[0]       ; t1          ; 6.839 ; 6.839 ; 6.839 ; 6.839 ;
; b[0]       ; t2          ; 7.227 ; 7.227 ; 7.227 ; 7.227 ;
; b[0]       ; t3          ; 7.423 ; 7.423 ; 7.423 ; 7.423 ;
; b[1]       ; cout        ; 6.539 ;       ;       ; 6.539 ;
; b[1]       ; t1          ; 7.090 ; 7.090 ; 7.090 ; 7.090 ;
; b[1]       ; t2          ; 7.478 ; 7.478 ; 7.478 ; 7.478 ;
; b[1]       ; t3          ; 7.674 ; 7.674 ; 7.674 ; 7.674 ;
; b[2]       ; cout        ; 5.819 ;       ;       ; 5.819 ;
; b[2]       ; t1          ; 6.353 ; 6.353 ; 6.353 ; 6.353 ;
; b[2]       ; t2          ; 6.741 ; 6.741 ; 6.741 ; 6.741 ;
; b[2]       ; t3          ; 6.937 ; 6.937 ; 6.937 ; 6.937 ;
; b[3]       ; cout        ; 6.266 ;       ;       ; 6.266 ;
; b[3]       ; t1          ; 6.822 ; 6.822 ; 6.822 ; 6.822 ;
; b[3]       ; t2          ; 7.196 ; 7.196 ; 7.196 ; 7.196 ;
; b[3]       ; t3          ; 7.386 ; 7.386 ; 7.386 ; 7.386 ;
; b[4]       ; cout        ; 5.815 ;       ;       ; 5.815 ;
; b[4]       ; t1          ; 6.362 ; 6.362 ; 6.362 ; 6.362 ;
; b[4]       ; t2          ; 6.721 ; 6.721 ; 6.721 ; 6.721 ;
; b[4]       ; t3          ; 6.911 ; 6.911 ; 6.911 ; 6.911 ;
; b[5]       ; cout        ; 6.043 ;       ;       ; 6.043 ;
; b[5]       ; t1          ; 6.599 ; 6.599 ; 6.599 ; 6.599 ;
; b[5]       ; t2          ; 6.956 ; 6.956 ; 6.956 ; 6.956 ;
; b[5]       ; t3          ; 7.146 ; 7.146 ; 7.146 ; 7.146 ;
; b[6]       ; cout        ; 6.228 ;       ;       ; 6.228 ;
; b[6]       ; t1          ; 6.776 ; 6.776 ; 6.776 ; 6.776 ;
; b[6]       ; t2          ; 7.134 ; 7.134 ; 7.134 ; 7.134 ;
; b[6]       ; t3          ; 7.324 ; 7.324 ; 7.324 ; 7.324 ;
; b[7]       ; cout        ; 6.262 ;       ;       ; 6.262 ;
; b[7]       ; t1          ; 6.818 ; 6.818 ; 6.818 ; 6.818 ;
; b[7]       ; t2          ; 7.206 ; 7.206 ; 7.206 ; 7.206 ;
; b[7]       ; t3          ; 7.402 ; 7.402 ; 7.402 ; 7.402 ;
; b[8]       ; cout        ; 6.229 ;       ;       ; 6.229 ;
; b[8]       ; t1          ; 6.753 ; 6.753 ; 6.753 ; 6.753 ;
; b[8]       ; t2          ; 7.141 ; 7.141 ; 7.141 ; 7.141 ;
; b[8]       ; t3          ; 7.337 ; 7.337 ; 7.337 ; 7.337 ;
; b[9]       ; cout        ; 5.769 ;       ;       ; 5.769 ;
; b[9]       ; t1          ; 6.325 ; 6.325 ; 6.325 ; 6.325 ;
; b[9]       ; t2          ; 6.713 ; 6.713 ; 6.713 ; 6.713 ;
; b[9]       ; t3          ; 6.909 ; 6.909 ; 6.909 ; 6.909 ;
; b[10]      ; cout        ; 5.865 ;       ;       ; 5.865 ;
; b[10]      ; t1          ; 6.316 ; 6.316 ; 6.316 ; 6.316 ;
; b[10]      ; t2          ; 6.704 ; 6.704 ; 6.704 ; 6.704 ;
; b[10]      ; t3          ; 6.900 ; 6.900 ; 6.900 ; 6.900 ;
; cin        ; cout        ; 6.383 ;       ;       ; 6.383 ;
; cin        ; t1          ; 6.939 ; 6.939 ; 6.939 ; 6.939 ;
; cin        ; t2          ; 7.327 ; 7.327 ; 7.327 ; 7.327 ;
; cin        ; t3          ; 7.523 ; 7.523 ; 7.523 ; 7.523 ;
; x2[0]      ; t1          ;       ; 3.598 ; 3.598 ;       ;
; x2[0]      ; t2          ; 3.924 ;       ;       ; 3.924 ;
; x2[0]      ; t3          ; 4.182 ; 4.114 ; 4.114 ; 4.182 ;
; x2[1]      ; t1          ;       ; 3.449 ; 3.449 ;       ;
; x2[1]      ; t2          ; 3.837 ;       ;       ; 3.837 ;
; x2[1]      ; t3          ; 4.033 ; 4.073 ; 4.073 ; 4.033 ;
; x2[2]      ; t1          ;       ; 3.434 ; 3.434 ;       ;
; x2[2]      ; t2          ; 3.822 ;       ;       ; 3.822 ;
; x2[2]      ; t3          ; 4.018 ; 4.033 ; 4.033 ; 4.018 ;
; x2[3]      ; t1          ;       ; 3.400 ; 3.400 ;       ;
; x2[3]      ; t2          ; 3.766 ;       ;       ; 3.766 ;
; x2[3]      ; t3          ; 3.984 ; 3.956 ; 3.956 ; 3.984 ;
; x2[4]      ; t1          ;       ; 5.708 ; 5.708 ;       ;
; x2[4]      ; t2          ; 6.065 ;       ;       ; 6.065 ;
; x2[4]      ; t3          ; 6.292 ; 6.255 ; 6.255 ; 6.292 ;
; x2[5]      ; t1          ;       ; 5.674 ; 5.674 ;       ;
; x2[5]      ; t2          ; 6.033 ;       ;       ; 6.033 ;
; x2[5]      ; t3          ; 6.258 ; 6.223 ; 6.223 ; 6.258 ;
; x2[6]      ; t1          ;       ; 5.708 ; 5.708 ;       ;
; x2[6]      ; t2          ; 6.082 ;       ;       ; 6.082 ;
; x2[6]      ; t3          ; 6.292 ; 6.272 ; 6.272 ; 6.292 ;
; x2[7]      ; t1          ;       ; 5.777 ; 5.777 ;       ;
; x2[7]      ; t2          ; 6.165 ;       ;       ; 6.165 ;
; x2[7]      ; t3          ; 6.361 ; 6.381 ; 6.381 ; 6.361 ;
; x2[8]      ; t1          ;       ; 5.591 ; 5.591 ;       ;
; x2[8]      ; t2          ; 5.979 ;       ;       ; 5.979 ;
; x2[8]      ; t3          ; 6.175 ; 6.187 ; 6.187 ; 6.175 ;
; x2[9]      ; t1          ;       ; 5.782 ; 5.782 ;       ;
; x2[9]      ; t2          ; 6.170 ;       ;       ; 6.170 ;
; x2[9]      ; t3          ; 6.366 ; 6.396 ; 6.396 ; 6.366 ;
; x2[10]     ; t1          ;       ; 5.160 ; 5.160 ;       ;
; x2[10]     ; t2          ; 5.548 ;       ;       ; 5.548 ;
; x2[10]     ; t3          ; 5.744 ; 5.773 ; 5.773 ; 5.744 ;
+------------+-------------+-------+-------+-------+-------+


-------------------
; Clock Transfers ;
-------------------
Nothing to report.


---------------
; Report TCCS ;
---------------
No dedicated SERDES Transmitter circuitry present in device or used in design


---------------
; Report RSKM ;
---------------
No dedicated SERDES Receiver circuitry present in device or used in design


+------------------------------------------------+
; Unconstrained Paths                            ;
+---------------------------------+-------+------+
; Property                        ; Setup ; Hold ;
+---------------------------------+-------+------+
; Illegal Clocks                  ; 0     ; 0    ;
; Unconstrained Clocks            ; 0     ; 0    ;
; Unconstrained Input Ports       ; 34    ; 34   ;
; Unconstrained Input Port Paths  ; 125   ; 125  ;
; Unconstrained Output Ports      ; 4     ; 4    ;
; Unconstrained Output Port Paths ; 125   ; 125  ;
+---------------------------------+-------+------+


+------------------------------------+
; TimeQuest Timing Analyzer Messages ;
+------------------------------------+
Info: *******************************************************************
Info: Running Quartus II 64-Bit TimeQuest Timing Analyzer
    Info: Version 13.0.0 Build 156 04/24/2013 SJ Web Edition
    Info: Processing started: Thu Sep 25 20:37:29 2014
Info: Command: quartus_sta circuito -c circuito
Info: qsta_default_script.tcl version: #1
Warning (20028): Parallel compilation is not licensed and has been disabled
Critical Warning (332012): Synopsys Design Constraints File file not found: 'circuito.sdc'. A Synopsys Design Constraints File is required by the TimeQuest Timing Analyzer to get proper timing constraints. Without it, the Compiler will not properly optimize the design.
Info (332142): No user constrained base clocks found in the design. Calling "derive_clocks -period 1.0"
Info (332096): The command derive_clocks did not find any clocks to derive.  No clocks were created or changed.
Warning (332068): No clocks defined in design.
Info: Found TIMEQUEST_REPORT_SCRIPT_INCLUDE_DEFAULT_ANALYSIS = ON
Info (332159): No clocks to report
Info: Analyzing Slow Model
Info (332140): No fmax paths to report
Info (332140): No Setup paths to report
Info (332140): No Hold paths to report
Info (332140): No Recovery paths to report
Info (332140): No Removal paths to report
Info (332140): No Minimum Pulse Width paths to report
Info (332001): The selected device family is not supported by the report_metastability command.
Info: Analyzing Fast Model
Info (332142): No user constrained base clocks found in the design. Calling "derive_clocks -period 1.0"
Info (332096): The command derive_clocks did not find any clocks to derive.  No clocks were created or changed.
Warning (332068): No clocks defined in design.
Info (332140): No Setup paths to report
Info (332140): No Hold paths to report
Info (332140): No Recovery paths to report
Info (332140): No Removal paths to report
Info (332140): No Minimum Pulse Width paths to report
Info (332001): The selected device family is not supported by the report_metastability command.
Info (332102): Design is not fully constrained for setup requirements
Info (332102): Design is not fully constrained for hold requirements
Info: Quartus II 64-Bit TimeQuest Timing Analyzer was successful. 0 errors, 4 warnings
    Info: Peak virtual memory: 382 megabytes
    Info: Processing ended: Thu Sep 25 20:37:31 2014
    Info: Elapsed time: 00:00:02
    Info: Total CPU time (on all processors): 00:00:01


